<?xml version="1.0" encoding="UTF-8"?>
<!-- Generated by org.testng.reporters.JUnitReportReporter -->
<testsuite hostname="DESKTOP-PHOQIAV" name="cucumberOption.CucumberTestRunner" tests="1" failures="0" timestamp="6 Mar 2019 04:46:06 GMT" time="58.870" errors="0">
  <testcase name="feature" time="58.870" classname="cucumberOption.CucumberTestRunner"/>
</testsuite> <!-- cucumberOption.CucumberTestRunner -->
